DemoProject/launcher/build/intermediates/manifest_merge_blame_file/debug/manifest-merger-blame-debug-report.txt
1<?xml version="1.0" encoding="utf-8"?>
2<!-- GENERATED BY UNITY. REMOVE THIS COMMENT TO PREVENT OVERWRITING WHEN EXPORTING AGAIN -->
3<manifest xmlns:android="http://schemas.android.com/apk/res/android"
4    package="com.kohdev.AR_AI_DEV"
5    android:installLocation="preferExternal"
6    android:versionCode="1"
7    android:versionName="1.0" >
8
9    <uses-sdk
10        android:minSdkVersion="24"
10-->src/main/AndroidManifest.xml
11        android:targetSdkVersion="29" />
11-->src/main/AndroidManifest.xml
12
13    <supports-screens
13-->src/main/AndroidManifest.xml:4:3-163
14        android:anyDensity="true"
14-->src/main/AndroidManifest.xml:4:135-160
15        android:largeScreens="true"
15-->src/main/AndroidManifest.xml:4:78-105
16        android:normalScreens="true"
16-->src/main/AndroidManifest.xml:4:49-77
17        android:smallScreens="true"
17-->src/main/AndroidManifest.xml:4:21-48
18        android:xlargeScreens="true" />
18-->src/main/AndroidManifest.xml:4:106-134
19
20    <uses-feature android:glEsVersion="0x00030000" />
20-->[:unityLibrary] AndroidManifest.xml:18:5-54
20-->[:unityLibrary] AndroidManifest.xml:18:19-51
21    <uses-feature
21-->[:unityLibrary] AndroidManifest.xml:19:5-21:36
22        android:name="android.hardware.camera"
22-->[:unityLibrary] AndroidManifest.xml:20:9-47
23        android:required="true" />
23-->[:unityLibrary] AndroidManifest.xml:21:9-33
24    <uses-feature
24-->[:unityLibrary] AndroidManifest.xml:22:5-24:36
25        android:name="android.hardware.camera.autofocus"
25-->[:unityLibrary] AndroidManifest.xml:23:9-57
26        android:required="false" />
26-->[:unityLibrary] AndroidManifest.xml:24:9-33
27    <uses-feature
27-->[:unityLibrary] AndroidManifest.xml:25:5-27:36
28        android:name="android.hardware.camera.front"
28-->[:unityLibrary] AndroidManifest.xml:26:9-53
29        android:required="false" />
29-->[:unityLibrary] AndroidManifest.xml:27:9-33
30    <uses-feature
30-->[:unityLibrary] AndroidManifest.xml:28:5-30:36
31        android:name="android.hardware.microphone"
31-->[:unityLibrary] AndroidManifest.xml:29:9-51
32        android:required="false" />
32-->[:unityLibrary] AndroidManifest.xml:30:9-33
33    <uses-feature
33-->[:unityLibrary] AndroidManifest.xml:31:5-33:36
34        android:name="android.hardware.touchscreen"
34-->[:unityLibrary] AndroidManifest.xml:32:9-52
35        android:required="false" />
35-->[:unityLibrary] AndroidManifest.xml:33:9-33
36    <uses-feature
36-->[:unityLibrary] AndroidManifest.xml:34:5-36:36
37        android:name="android.hardware.touchscreen.multitouch"
37-->[:unityLibrary] AndroidManifest.xml:35:9-63
38        android:required="false" />
38-->[:unityLibrary] AndroidManifest.xml:36:9-33
39    <uses-feature
39-->[:unityLibrary] AndroidManifest.xml:37:5-39:36
40        android:name="android.hardware.touchscreen.multitouch.distinct"
40-->[:unityLibrary] AndroidManifest.xml:38:9-72
41        android:required="false" />
41-->[:unityLibrary] AndroidManifest.xml:39:9-33
42
43    <uses-permission android:name="android.permission.INTERNET" />
43-->[:unityLibrary] AndroidManifest.xml:41:5-67
43-->[:unityLibrary] AndroidManifest.xml:41:22-64
44    <uses-permission android:name="android.permission.CAMERA" />
44-->[:unityLibrary] AndroidManifest.xml:42:5-65
44-->[:unityLibrary] AndroidManifest.xml:42:22-62
45    <uses-permission android:name="android.permission.RECORD_AUDIO" />
45-->[:unityLibrary] AndroidManifest.xml:43:5-71
45-->[:unityLibrary] AndroidManifest.xml:43:22-68
46    <uses-permission android:name="android.permission.MODIFY_AUDIO_SETTINGS" />
46-->[:unityLibrary] AndroidManifest.xml:44:5-80
46-->[:unityLibrary] AndroidManifest.xml:44:22-77
47    <uses-permission android:name="android.permission.BLUETOOTH" />
47-->[:unityLibrary] AndroidManifest.xml:45:5-68
47-->[:unityLibrary] AndroidManifest.xml:45:22-65
48    <uses-permission android:name="android.permission.ACCESS_NETWORK_STATE" />
48-->[:VuforiaWrapper:] AndroidManifest.xml:11:5-79
48-->[:VuforiaWrapper:] AndroidManifest.xml:11:22-76
49    <uses-permission android:name="android.permission.WRITE_EXTERNAL_STORAGE" />
49-->[:VuforiaWrapper:] AndroidManifest.xml:12:5-81
49-->[:VuforiaWrapper:] AndroidManifest.xml:12:22-78
50    <uses-permission android:name="android.permission.READ_PHONE_STATE" />
51    <uses-permission android:name="android.permission.READ_EXTERNAL_STORAGE" />
52
53    <application
53-->src/main/AndroidManifest.xml:5:3-86
54        android:appComponentFactory="androidx.core.app.CoreComponentFactory"
54-->[androidx.core:core:1.3.0] AndroidManifest.xml:24:18-86
55        android:debuggable="true"
56        android:extractNativeLibs="false"
57        android:icon="@mipmap/sample_icon"
57-->src/main/AndroidManifest.xml:5:49-83
58        android:label="@string/app_name"
58-->src/main/AndroidManifest.xml:5:16-48
59        android:testOnly="true" >
60        <activity
60-->[:unityLibrary] AndroidManifest.xml:48:9-58:20
61            android:name="com.unity3d.player.uiVariant6Oven"
61-->[:unityLibrary] AndroidManifest.xml:49:13-61
62            android:label="Oven"
62-->[:unityLibrary] AndroidManifest.xml:50:13-33
63            android:theme="@style/Theme.AppCompat.Light" >
63-->[:unityLibrary] AndroidManifest.xml:51:13-57
64            <intent-filter>
64-->[:unityLibrary] AndroidManifest.xml:52:13-57:29
65
66                <!-- <action android:name="android.intent.action.MAIN" /> -->
67
68                <category android:name="android.intent.category.LAUNCHER" />
68-->[:unityLibrary] AndroidManifest.xml:56:17-77
68-->[:unityLibrary] AndroidManifest.xml:56:27-74
69            </intent-filter>
70        </activity>
71        <activity
71-->[:unityLibrary] AndroidManifest.xml:59:9-69:20
72            android:name="com.unity3d.player.TaskInstructionActivity"
72-->[:unityLibrary] AndroidManifest.xml:60:13-70
73            android:label="Task"
73-->[:unityLibrary] AndroidManifest.xml:61:13-33
74            android:theme="@style/Theme.AppCompat.Light" >
74-->[:unityLibrary] AndroidManifest.xml:62:13-57
75            <intent-filter>
75-->[:unityLibrary] AndroidManifest.xml:52:13-57:29
76
77                <!-- <action android:name="android.intent.action.MAIN" /> -->
78
79                <category android:name="android.intent.category.LAUNCHER" />
79-->[:unityLibrary] AndroidManifest.xml:56:17-77
79-->[:unityLibrary] AndroidManifest.xml:56:27-74
80            </intent-filter>
81        </activity>
82        <activity
82-->[:unityLibrary] AndroidManifest.xml:70:9-80:20
83            android:name="com.unity3d.player.UserSurveyActivity"
83-->[:unityLibrary] AndroidManifest.xml:71:13-65
84            android:label="Survey"
84-->[:unityLibrary] AndroidManifest.xml:72:13-35
85            android:theme="@style/Theme.AppCompat.Light" >
85-->[:unityLibrary] AndroidManifest.xml:73:13-57
86            <intent-filter>
86-->[:unityLibrary] AndroidManifest.xml:52:13-57:29
87
88                <!-- <action android:name="android.intent.action.MAIN" /> -->
89
90                <category android:name="android.intent.category.LAUNCHER" />
90-->[:unityLibrary] AndroidManifest.xml:56:17-77
90-->[:unityLibrary] AndroidManifest.xml:56:27-74
91            </intent-filter>
92        </activity>
93        <activity
93-->[:unityLibrary] AndroidManifest.xml:81:9-90:20
94            android:name="com.unity3d.player.UserConsentActivity"
94-->[:unityLibrary] AndroidManifest.xml:82:13-66
95            android:label="@string/app_title"
95-->[:unityLibrary] AndroidManifest.xml:83:13-46
96            android:theme="@style/Theme.AppCompat.Light" >
96-->[:unityLibrary] AndroidManifest.xml:84:13-57
97            <intent-filter>
97-->[:unityLibrary] AndroidManifest.xml:85:13-89:29
98                <action android:name="android.intent.action.MAIN" />
98-->[:unityLibrary] AndroidManifest.xml:86:17-69
98-->[:unityLibrary] AndroidManifest.xml:86:25-66
99
100                <category android:name="android.intent.category.LAUNCHER" />
100-->[:unityLibrary] AndroidManifest.xml:56:17-77
100-->[:unityLibrary] AndroidManifest.xml:56:27-74
101            </intent-filter>
102        </activity>
103        <activity
103-->[:unityLibrary] AndroidManifest.xml:91:9-102:20
104            android:name="com.unity3d.player.uiVariant6"
104-->[:unityLibrary] AndroidManifest.xml:92:13-57
105            android:label="UI Variant 6"
105-->[:unityLibrary] AndroidManifest.xml:93:13-41
106            android:parentActivityName="com.unity3d.player.uiMenu"
106-->[:unityLibrary] AndroidManifest.xml:94:13-67
107            android:theme="@style/Theme.AppCompat.Light" >
107-->[:unityLibrary] AndroidManifest.xml:95:13-57
108            <intent-filter>
108-->[:unityLibrary] AndroidManifest.xml:52:13-57:29
109
110                <!-- <action android:name="android.intent.action.MAIN" /> -->
111
112                <category android:name="android.intent.category.LAUNCHER" />
112-->[:unityLibrary] AndroidManifest.xml:56:17-77
112-->[:unityLibrary] AndroidManifest.xml:56:27-74
113            </intent-filter>
114        </activity>
115        <activity
115-->[:unityLibrary] AndroidManifest.xml:103:9-114:20
116            android:name="com.unity3d.player.uiVariant3"
116-->[:unityLibrary] AndroidManifest.xml:104:13-57
117            android:label="UI Variant 3"
117-->[:unityLibrary] AndroidManifest.xml:105:13-41
118            android:parentActivityName="com.unity3d.player.uiMenu"
118-->[:unityLibrary] AndroidManifest.xml:106:13-67
119            android:theme="@style/Theme.AppCompat.Light" >
119-->[:unityLibrary] AndroidManifest.xml:107:13-57
120            <intent-filter>
120-->[:unityLibrary] AndroidManifest.xml:52:13-57:29
121
122                <!-- <action android:name="android.intent.action.MAIN" /> -->
123
124                <category android:name="android.intent.category.LAUNCHER" />
124-->[:unityLibrary] AndroidManifest.xml:56:17-77
124-->[:unityLibrary] AndroidManifest.xml:56:27-74
125            </intent-filter>
126        </activity>
127        <activity
127-->[:unityLibrary] AndroidManifest.xml:115:9-126:20
128            android:name="com.unity3d.player.uiVariant2"
128-->[:unityLibrary] AndroidManifest.xml:116:13-57
129            android:label="UI Variant 2"
129-->[:unityLibrary] AndroidManifest.xml:117:13-41
130            android:parentActivityName="com.unity3d.player.uiMenu"
130-->[:unityLibrary] AndroidManifest.xml:118:13-67
131            android:theme="@style/Theme.AppCompat.Light" >
131-->[:unityLibrary] AndroidManifest.xml:119:13-57
132            <intent-filter>
132-->[:unityLibrary] AndroidManifest.xml:52:13-57:29
133
134                <!-- <action android:name="android.intent.action.MAIN" /> -->
135
136                <category android:name="android.intent.category.LAUNCHER" />
136-->[:unityLibrary] AndroidManifest.xml:56:17-77
136-->[:unityLibrary] AndroidManifest.xml:56:27-74
137            </intent-filter>
138        </activity>
139        <activity
139-->[:unityLibrary] AndroidManifest.xml:127:9-138:20
140            android:name="com.unity3d.player.uiVariant1"
140-->[:unityLibrary] AndroidManifest.xml:128:13-57
141            android:label="UI Variant 1"
141-->[:unityLibrary] AndroidManifest.xml:129:13-41
142            android:parentActivityName="com.unity3d.player.uiMenu"
142-->[:unityLibrary] AndroidManifest.xml:130:13-67
143            android:theme="@style/Theme.AppCompat.Light" >
143-->[:unityLibrary] AndroidManifest.xml:131:13-57
144            <intent-filter>
144-->[:unityLibrary] AndroidManifest.xml:52:13-57:29
145
146                <!-- <action android:name="android.intent.action.MAIN" /> -->
147
148                <category android:name="android.intent.category.LAUNCHER" />
148-->[:unityLibrary] AndroidManifest.xml:56:17-77
148-->[:unityLibrary] AndroidManifest.xml:56:27-74
149            </intent-filter>
150        </activity>
151        <activity
151-->[:unityLibrary] AndroidManifest.xml:139:9-161:20
152            android:name="com.unity3d.player.uiVariant4"
152-->[:unityLibrary] AndroidManifest.xml:140:13-57
153            android:configChanges="mcc|mnc|locale|touchscreen|keyboard|keyboardHidden|navigation|orientation|screenLayout|uiMode|screenSize|smallestScreenSize|fontScale|layoutDirection|density"
153-->[:unityLibrary] AndroidManifest.xml:141:13-194
154            android:hardwareAccelerated="false"
154-->[:unityLibrary] AndroidManifest.xml:142:13-48
155            android:label="@string/app_title"
155-->[:unityLibrary] AndroidManifest.xml:143:13-46
156            android:launchMode="singleTask"
156-->[:unityLibrary] AndroidManifest.xml:144:13-44
157            android:parentActivityName="com.unity3d.player.uiMenu"
157-->[:unityLibrary] AndroidManifest.xml:145:13-67
158            android:screenOrientation="fullSensor"
158-->[:unityLibrary] AndroidManifest.xml:146:13-51
159            android:theme="@style/UnityThemeSelector" >
159-->[:unityLibrary] AndroidManifest.xml:147:13-54
160            <intent-filter>
160-->[:unityLibrary] AndroidManifest.xml:52:13-57:29
161
162                <!-- <action android:name="android.intent.action.MAIN" /> -->
163
164                <category android:name="android.intent.category.LAUNCHER" />
164-->[:unityLibrary] AndroidManifest.xml:56:17-77
164-->[:unityLibrary] AndroidManifest.xml:56:27-74
165            </intent-filter>
166
167            <meta-data
167-->[:unityLibrary] AndroidManifest.xml:155:13-157:40
168                android:name="unityplayer.uiVariant4"
168-->[:unityLibrary] AndroidManifest.xml:156:17-54
169                android:value="true" />
169-->[:unityLibrary] AndroidManifest.xml:157:17-37
170            <meta-data
170-->[:unityLibrary] AndroidManifest.xml:158:13-160:40
171                android:name="android.notch_support"
171-->[:unityLibrary] AndroidManifest.xml:159:17-53
172                android:value="true" />
172-->[:unityLibrary] AndroidManifest.xml:160:17-37
173        </activity>
174        <activity
174-->[:unityLibrary] AndroidManifest.xml:162:9-173:20
175            android:name="com.unity3d.player.StartScreen"
175-->[:unityLibrary] AndroidManifest.xml:163:13-58
176            android:label="@string/app_title"
176-->[:unityLibrary] AndroidManifest.xml:164:13-46
177            android:parentActivityName="com.unity3d.player.UserConsentActivity"
177-->[:unityLibrary] AndroidManifest.xml:165:13-80
178            android:theme="@style/Theme.AppCompat.Light" >
178-->[:unityLibrary] AndroidManifest.xml:166:13-57
179            <intent-filter>
179-->[:unityLibrary] AndroidManifest.xml:52:13-57:29
180
181                <!-- <action android:name="android.intent.action.MAIN" /> -->
182
183                <category android:name="android.intent.category.LAUNCHER" />
183-->[:unityLibrary] AndroidManifest.xml:56:17-77
183-->[:unityLibrary] AndroidManifest.xml:56:27-74
184            </intent-filter>
185        </activity>
186        <activity
186-->[:unityLibrary] AndroidManifest.xml:174:9-182:20
187            android:name="com.unity3d.player.uiMenu"
187-->[:unityLibrary] AndroidManifest.xml:175:13-53
188            android:label="@string/app_title"
188-->[:unityLibrary] AndroidManifest.xml:176:13-46
189            android:parentActivityName="com.unity3d.player.StartScreen"
189-->[:unityLibrary] AndroidManifest.xml:177:13-72
190            android:theme="@style/Theme.AppCompat.Light" >
190-->[:unityLibrary] AndroidManifest.xml:178:13-57
191            <intent-filter>
191-->[:unityLibrary] AndroidManifest.xml:52:13-57:29
192                <category android:name="android.intent.category.LAUNCHER" />
192-->[:unityLibrary] AndroidManifest.xml:56:17-77
192-->[:unityLibrary] AndroidManifest.xml:56:27-74
193            </intent-filter>
194        </activity>
195        <activity
195-->[:unityLibrary] AndroidManifest.xml:183:9-205:20
196            android:name="com.unity3d.player.UnityPlayerActivity"
196-->[:unityLibrary] AndroidManifest.xml:184:13-66
197            android:configChanges="mcc|mnc|locale|touchscreen|keyboard|keyboardHidden|navigation|orientation|screenLayout|uiMode|screenSize|smallestScreenSize|fontScale|layoutDirection|density"
197-->[:unityLibrary] AndroidManifest.xml:185:13-194
198            android:hardwareAccelerated="false"
198-->[:unityLibrary] AndroidManifest.xml:186:13-48
199            android:label="@string/app_title"
199-->[:unityLibrary] AndroidManifest.xml:187:13-46
200            android:launchMode="singleTask"
200-->[:unityLibrary] AndroidManifest.xml:188:13-44
201            android:parentActivityName="com.unity3d.player.uiMenu"
201-->[:unityLibrary] AndroidManifest.xml:189:13-67
202            android:screenOrientation="fullSensor"
202-->[:unityLibrary] AndroidManifest.xml:190:13-51
203            android:theme="@style/UnityThemeSelector" >
203-->[:unityLibrary] AndroidManifest.xml:191:13-54
204            <intent-filter>
204-->[:unityLibrary] AndroidManifest.xml:52:13-57:29
205
206                <!-- <action android:name="android.intent.action.MAIN" /> -->
207
208                <category android:name="android.intent.category.LAUNCHER" />
208-->[:unityLibrary] AndroidManifest.xml:56:17-77
208-->[:unityLibrary] AndroidManifest.xml:56:27-74
209            </intent-filter>
210
211            <meta-data
211-->[:unityLibrary] AndroidManifest.xml:199:13-201:40
212                android:name="unityplayer.UnityActivity"
212-->[:unityLibrary] AndroidManifest.xml:200:17-57
213                android:value="true" />
213-->[:unityLibrary] AndroidManifest.xml:201:17-37
214            <meta-data
214-->[:unityLibrary] AndroidManifest.xml:158:13-160:40
215                android:name="android.notch_support"
215-->[:unityLibrary] AndroidManifest.xml:159:17-53
216                android:value="true" />
216-->[:unityLibrary] AndroidManifest.xml:160:17-37
217        </activity>
218
219        <meta-data
219-->[:unityLibrary] AndroidManifest.xml:207:9-209:33
220            android:name="unity.splash-mode"
220-->[:unityLibrary] AndroidManifest.xml:208:13-45
221            android:value="0" />
221-->[:unityLibrary] AndroidManifest.xml:209:13-30
222        <meta-data
222-->[:unityLibrary] AndroidManifest.xml:210:9-212:36
223            android:name="unity.splash-enable"
223-->[:unityLibrary] AndroidManifest.xml:211:13-47
224            android:value="True" />
224-->[:unityLibrary] AndroidManifest.xml:212:13-33
225        <meta-data
225-->[:unityLibrary] AndroidManifest.xml:213:9-215:50
226            android:name="notch.config"
226-->[:unityLibrary] AndroidManifest.xml:214:13-40
227            android:value="portrait|landscape" />
227-->[:unityLibrary] AndroidManifest.xml:215:13-47
228        <meta-data
228-->[:unityLibrary] AndroidManifest.xml:216:9-218:68
229            android:name="unity.build-id"
229-->[:unityLibrary] AndroidManifest.xml:217:13-42
230            android:value="73f6a8b2-f392-40cd-9d87-54c652241962" />
230-->[:unityLibrary] AndroidManifest.xml:218:13-65
231        <meta-data
231-->[:unityLibrary] AndroidManifest.xml:219:9-221:40
232            android:name="com.google.ar.core"
232-->[:unityLibrary] AndroidManifest.xml:220:13-46
233            android:value="optional" />
233-->[:unityLibrary] AndroidManifest.xml:221:13-37
234    </application>
235
236</manifest>